SF:lib/pi.dart
DA:6,2
DA:8,2
DA:14,2
DA:16,2
DA:17,4
DA:18,2
DA:19,2
DA:20,6
DA:22,2
DA:24,2
DA:25,2
DA:26,2
DA:27,2
DA:28,2
DA:29,6
LF:15
LH:15
end_of_record
SF:lib/power_of_two.dart
DA:5,2
DA:9,2
DA:13,2
DA:14,2
DA:22,2
DA:24,2
DA:25,6
DA:28,2
DA:30,4
DA:31,2
DA:34,2
DA:36,2
DA:38,2
DA:39,2
DA:41,2
DA:44,2
DA:46,6
DA:48,2
DA:49,4
DA:50,6
DA:56,1
DA:58,3
DA:59,4
DA:60,2
DA:61,2
DA:64,2
DA:65,1
LF:27
LH:27
end_of_record
SF:lib/operation.dart
DA:1,2
DA:9,2
DA:11,2
DA:13,2
DA:15,2
DA:17,2
LF:6
LH:6
end_of_record
SF:lib/two_digit_operation.dart
DA:6,2
DA:10,2
DA:15,2
DA:16,2
DA:26,2
DA:28,6
DA:29,6
DA:30,2
DA:33,2
DA:35,4
DA:36,4
DA:37,2
DA:40,2
DA:42,2
DA:44,2
DA:45,2
DA:46,10
DA:47,2
DA:50,2
DA:51,2
DA:52,2
DA:54,2
DA:55,6
DA:56,6
DA:59,2
DA:60,2
DA:61,10
DA:62,2
DA:68,2
DA:72,2
DA:73,2
DA:74,4
DA:75,4
DA:78,2
DA:79,4
DA:80,6
DA:87,2
DA:88,6
DA:89,6
DA:91,2
DA:92,6
DA:93,6
DA:95,4
DA:96,4
DA:99,2
DA:100,1
DA:106,2
DA:108,4
DA:109,2
DA:110,6
DA:112,1
DA:113,0
DA:115,1
DA:116,0
DA:118,1
DA:119,3
LF:56
LH:54
end_of_record
SF:lib/main.dart
DA:8,0
DA:11,3
DA:13,1
DA:15,1
DA:16,1
DA:17,1
DA:18,1
DA:22,1
DA:23,1
DA:25,1
DA:26,1
DA:27,1
DA:29,1
DA:31,1
DA:36,1
DA:41,1
DA:46,1
LF:17
LH:16
end_of_record
